hp-check[41650]: info: :
hp-check[41650]: info: :[01mHP Linux Imaging and Printing System (ver. 3.22.10)[0m
hp-check[41650]: info: :[01mDependency/Version Check Utility ver. 15.1[0m
hp-check[41650]: info: :
hp-check[41650]: info: :Copyright (c) 2001-18 HP Development Company, LP
hp-check[41650]: info: :This software comes with ABSOLUTELY NO WARRANTY.
hp-check[41650]: info: :This is free software, and you are welcome to distribute it
hp-check[41650]: info: :under certain conditions. See COPYING file for more details.
hp-check[41650]: info: :
hp-check[41650]: info: :[01mNote: hp-check can be run in three modes:[0m
hp-check[41650]: info: :1. Compile-time check mode (-c or --compile): Use this mode before compiling the HPLIP supplied tarball (.tar.gz or .run) to    
hp-check[41650]: info: :determine if the proper dependencies are installed to successfully compile HPLIP.                                               
hp-check[41650]: info: :2. Run-time check mode (-r or --run): Use this mode to determine if a distro supplied package (.deb, .rpm, etc) or an already   
hp-check[41650]: info: :built HPLIP supplied tarball has the proper dependencies installed to successfully run.                                         
hp-check[41650]: info: :3. Both compile- and run-time check mode (-b or --both) (Default): This mode will check both of the above cases (both compile-  
hp-check[41650]: info: :and run-time dependencies).                                                                                                     
hp-check[41650]: info: :
hp-check[41650]: info: :Check types:                                                                                                                    
hp-check[41650]: info: :a. EXTERNALDEP - External Dependencies                                                                                          
hp-check[41650]: info: :b. GENERALDEP - General Dependencies (required both at compile and run time)                                                    
hp-check[41650]: info: :c. COMPILEDEP - Compile time Dependencies                                                                                       
hp-check[41650]: info: :d. [All are run-time checks]                                                                                                    
hp-check[41650]: info: :PYEXT SCANCONF QUEUES PERMISSION                                                                                                
hp-check[41650]: info: :
hp-check[41650]: info: :Status Types:
hp-check[41650]: info: :    OK
hp-check[41650]: info: :    MISSING       - Missing Dependency or Permission or Plug-in
hp-check[41650]: info: :    INCOMPAT      - Incompatible dependency-version or Plugin-version
hp-check[41650]: info: :
warning: [01mdebian-12 version is not supported. Using debian-11 versions dependencies to verify and install...[0m
hp-check[41650]: info: :
hp-check[41650]: info: :---------------
hp-check[41650]: info: :| SYSTEM INFO |
hp-check[41650]: info: :---------------
hp-check[41650]: info: :
hp-check[41650]: info: : Kernel: 6.1.0-rpi4-rpi-v8 #1 SMP PREEMPT Debian 1:6.1.54-1+rpt2 (2023-10-05) GNU/Linux
 Host: raspberrypi
 Proc: 6.1.0-rpi4-rpi-v8 #1 SMP PREEMPT Debian 1:6.1.54-1+rpt2 (2023-10-05) GNU/Linux
 Distribution: debian 12
hp-check[41650]: info: : Bitness: 64 bit

hp-check[41650]: info: :
hp-check[41650]: info: :-----------------------
hp-check[41650]: info: :| HPLIP CONFIGURATION |
hp-check[41650]: info: :-----------------------
hp-check[41650]: info: :
hp-check[41650]: info: :HPLIP-Version: HPLIP 3.22.10
hp-check[41650]: info: :HPLIP-Home: /usr/share/hplip
warning: HPLIP-Installation: Auto installation is not supported for debian distro  12 version 
hp-check[41650]: info: :
hp-check[41650]: info: :[01mCurrent contents of '/etc/hp/hplip.conf' file:[0m
hp-check[41650]: info: :# hplip.conf.  Generated from hplip.conf.in by configure.

[hplip]
version=3.22.10

[dirs]
home=/usr/share/hplip
run=/var/run
ppd=/usr/share/ppd/hplip/HP
ppdbase=/usr/share/ppd/hplip
doc=/usr/share/doc/hplip
html=/usr/share/doc/hplip-doc
icon=no
cupsbackend=/usr/lib/cups/backend
cupsfilter=/usr/lib/cups/filter
drv=/usr/share/cups/drv
bin=/usr/bin
apparmor=/etc/apparmor.d
# Following values are determined at configure time and cannot be changed.
[configure]
network-build=yes
libusb01-build=no
pp-build=no
gui-build=yes
scanner-build=yes
fax-build=yes
dbus-build=yes
cups11-build=no
doc-build=yes
shadow-build=no
hpijs-install=yes
foomatic-drv-install=yes
foomatic-ppd-install=no
foomatic-rip-hplip-install=no
hpcups-install=yes
cups-drv-install=yes
cups-ppd-install=no
internal-tag=3.22.10
restricted-build=no
ui-toolkit=qt5
qt3=no
qt4=no
qt5=yes
policy-kit=yes
lite-build=no
udev_sysfs_rules=no
hpcups-only-build=no
hpijs-only-build=no
apparmor_build=no
class-driver=no

hp-check[41650]: info: :
hp-check[41650]: info: :[01mCurrent contents of '/var/lib/hp/hplip.state' file:[0m
hp-check[41650]: info: :Plugins are not installed. Could not access file: No such file or directory
hp-check[41650]: info: :
hp-check[41650]: info: :[01mCurrent contents of '~/.hplip/hplip.conf' file:[0m
hp-check[41650]: info: :[installation]
date_time = 11/16/23 15:21:00
version = 3.22.10


hp-check[41650]: info: : <Package-name>        <Package-Desc>      <Required/Optional> <Min-Version> <Installed-Version> <Status>   <Comment>
hp-check[41650]: info: :
hp-check[41650]: info: :-------------------------
hp-check[41650]: info: :| External Dependencies |
hp-check[41650]: info: :-------------------------
hp-check[41650]: info: :
hp-check[41650]: info: :[31;01m error: cups          CUPS - Common Unix Printing System                           REQUIRED        1.1             -               INCOMPAT   'CUPS may not be installed or not running'[0m
hp-check[41650]: info: : gs                   GhostScript - PostScript and PDF language interpreter and previewer REQUIRED        7.05            10.00.0         OK         -
hp-check[41650]: info: :[31;01m error: xsane         xsane - Graphical scanner frontend for SANE                  OPTIONAL        0.9             -               MISSING    'xsane needs to be installed'[0m
hp-check[41650]: info: : scanimage            scanimage - Shell scanning program                           OPTIONAL        1.0             1.1.1           OK         -
hp-check[41650]: info: :[31;01m error: dbus          DBus - Message bus system                                    REQUIRED        -               1.14.10         MISSING    'DBUS may not be installed or not running'[0m
hp-check[41650]: info: :[31;01m error: policykit     PolicyKit - Administrative policy framework                  OPTIONAL        -               -               MISSING    'policykit needs to be installed'[0m
hp-check[41650]: info: : network              network -wget                                                OPTIONAL        -               1.21.3          OK         -
hp-check[41650]: info: : avahi-utils          avahi-utils                                                  OPTIONAL        -               0.8             OK         -
hp-check[41650]: info: :
hp-check[41650]: info: :------------------------
hp-check[41650]: info: :| General Dependencies |
hp-check[41650]: info: :------------------------
hp-check[41650]: info: :
hp-check[41650]: info: :[31;01m error: libjpeg       libjpeg - JPEG library                                       REQUIRED        -               -               MISSING    'libjpeg needs to be installed'[0m
hp-check[41650]: info: :[31;01m error: cups-devel    CUPS devel- Common Unix Printing System development files    REQUIRED        -               -               MISSING    'cups-devel needs to be installed'[0m
hp-check[41650]: info: :[31;01m error: cups-image    CUPS image - CUPS image development files                    REQUIRED        -               -               MISSING    'cups-image needs to be installed'[0m
hp-check[41650]: info: : libpthread           libpthread - POSIX threads library                           REQUIRED        -               b'2.36'         OK         -
hp-check[41650]: info: :[31;01m error: libusb        libusb - USB library                                         REQUIRED        -               1.0             MISSING    'libusb needs to be installed'[0m
hp-check[41650]: info: : sane                 SANE - Scanning library                                      REQUIRED        -               -               OK         -
hp-check[41650]: info: :[31;01m error: sane-devel    SANE - Scanning library development files                    REQUIRED        -               -               MISSING    'sane-devel needs to be installed'[0m
hp-check[41650]: info: :[31;01m error: libavahi-dev  libavahi-dev                                                 REQUIRED        -               -               MISSING    'libavahi-dev needs to be installed'[0m
hp-check[41650]: info: :[31;01m error: libnetsnmp-devel libnetsnmp-devel - SNMP networking library development files REQUIRED        5.0.9           -               MISSING    'libnetsnmp-devel needs to be installed'[0m
hp-check[41650]: info: :[31;01m error: libcrypto     libcrypto - OpenSSL cryptographic library                    REQUIRED        -               3.0.11          MISSING    'libcrypto needs to be installed'[0m
hp-check[41650]: info: : python3X             Python 2.2 or greater - Python programming language          REQUIRED        2.2             3.11.2          OK         -
hp-check[41650]: info: :[31;01m error: python3-notify2 Python libnotify - Python bindings for the libnotify Desktop notifications OPTIONAL        -               -               MISSING    'python3-notify2 needs to be installed'[0m
hp-check[41650]: info: :[31;01m error: python3-pyqt4-dbus PyQt 4 DBus - DBus Support for PyQt4                         OPTIONAL        4.0             -               MISSING    'python3-pyqt4-dbus needs to be installed'[0m
hp-check[41650]: info: :[31;01m error: python3-pyqt4 PyQt 4- Qt interface for Python (for Qt version 4.x)         REQUIRED        4.0             -               MISSING    'python3-pyqt4 needs to be installed'[0m
hp-check[41650]: info: : python3-dbus         Python DBus - Python bindings for DBus                       REQUIRED        0.80.0          1.3.2           OK         -
hp-check[41650]: info: : python3-xml          Python XML libraries                                         REQUIRED        -               2.5.0           OK         -
hp-check[41650]: info: : python3-devel        Python devel - Python development files                      REQUIRED        2.2             3.11.2          OK         -
hp-check[41650]: info: : python3-pil          PIL - Python Imaging Library (required for commandline scanning with hp-scan) OPTIONAL        -               9.4.0           OK         -
hp-check[41650]: info: : python3-reportlab    Reportlab - PDF library for Python                           OPTIONAL        2.0             3.6.12          OK         -
hp-check[41650]: info: :
hp-check[41650]: info: :--------------
hp-check[41650]: info: :| COMPILEDEP |
hp-check[41650]: info: :--------------
hp-check[41650]: info: :
hp-check[41650]: info: :[31;01m error: libtool       libtool - Library building support services                  REQUIRED        -               -               MISSING    'libtool needs to be installed'[0m
hp-check[41650]: info: : gcc                  gcc - GNU Project C and C++ Compiler                         REQUIRED        -               12.2.0          OK         -
hp-check[41650]: info: : make                 make - GNU make utility to maintain groups of programs       REQUIRED        3.0             4.3             OK         -
hp-check[41650]: info: :
hp-check[41650]: info: :---------------------
hp-check[41650]: info: :| Python Extentions |
hp-check[41650]: info: :---------------------
hp-check[41650]: info: :
hp-check[41650]: info: : cupsext              CUPS-Extension                                               REQUIRED        -               3.22.10         OK         -
hp-check[41650]: info: : hpmudext             IO-Extension                                                 REQUIRED        -               3.22.10         OK         -
hp-check[41650]: info: :
hp-check[41650]: info: :----------------------
hp-check[41650]: info: :| Scan Configuration |
hp-check[41650]: info: :----------------------
hp-check[41650]: info: :
hp-check[41650]: info: :'/etc/sane.d/dll.d/hpaio' not found.
hp-check[41650]: info: : hpaio                HPLIP-SANE-Backend                                           REQUIRED        -               3.22.10         OK         'hpaio found in /etc/sane.d/dll.conf'
hp-check[41650]: info: : scanext              Scan-SANE-Extension                                          REQUIRED        -               3.22.10         OK         -
hp-check[41650]: info: :
hp-check[41650]: info: :------------------------------
hp-check[41650]: info: :| DISCOVERED SCANNER DEVICES |
hp-check[41650]: info: :------------------------------
hp-check[41650]: info: :
hp-check[41650]: info: :device `escl:http://localhost:60000' is a HP ENVY 4520 series [95C85F] (USB) platen scanner
device `airscan:e0:HP ENVY 4520 series [95C85F] (USB)' is a eSCL HP ENVY 4520 series [95C85F] (USB) ip=127.0.0.1
device `hpaio:/usb/ENVY_4520_series?serial=TH6954F0760660' is a Hewlett-Packard ENVY_4520_series all-in-one

hp-check[41650]: info: :
hp-check[41650]: info: :--------------------------
hp-check[41650]: info: :| DISCOVERED USB DEVICES |
hp-check[41650]: info: :--------------------------
hp-check[41650]: info: :
hp-check[41650]: info: :  Device URI                                      Model                    
hp-check[41650]: info: :  ----------------------------------------------  -------------------------
hp-check[41650]: info: :  hp:/usb/ENVY_4520_series?serial=TH6954F0760660  HP ENVY 4520 series      
hp-check[41650]: info: :
hp-check[41650]: info: :---------------------------------
hp-check[41650]: info: :| INSTALLED CUPS PRINTER QUEUES |
hp-check[41650]: info: :---------------------------------
hp-check[41650]: info: :
hp-check[41650]: info: :
hp-check[41650]: info: :[01mHP_ENVY_4520_series_95C85F_USB[0m
hp-check[41650]: info: :[01m------------------------------[0m
hp-check[41650]: info: :Type: Unknown
hp-check[41650]: info: :Device URI: implicitclass://HP_ENVY_4520_series_95C85F_USB/
hp-check[41650]: info: :PPD: /etc/cups/ppd/HP_ENVY_4520_series_95C85F_USB.ppd
warning: Failed to read /etc/cups/ppd/HP_ENVY_4520_series_95C85F_USB.ppd ppd file
hp-check[41650]: info: :PPD Description: 
hp-check[41650]: info: :Printer status: printer HP_ENVY_4520_series_95C85F_USB disabled since Thu 16 Nov 2023 03:11:56 PM CET -	No destination host name supplied by cups-browsed for printer "HP_ENVY_4520_series_95C85F_USB", is cups-browsed running?
warning: Printer is not HPLIP installed. Printers must use the hp: or hpfax: CUPS backend for HP-Devices.
hp-check[41650]: info: :
hp-check[41650]: info: :
hp-check[41650]: info: :--------------
hp-check[41650]: info: :| PERMISSION |
hp-check[41650]: info: :--------------
hp-check[41650]: info: :
hp-check[41650]: info: :USB             None                           Required        -        -        OK       Node:'/dev/bus/usb/001/005' Perm:'  root  lp rw- rw- rw- rw- rw- r--'
hp-check[41650]: info: :
hp-check[41650]: info: :-----------
hp-check[41650]: info: :| SUMMARY |
hp-check[41650]: info: :-----------
hp-check[41650]: info: :
hp-check[41650]: info: :[01mMissing Required Dependencies[0m
hp-check[41650]: info: :[01m-----------------------------[0m
error: 'cups' package is missing or 'cups' service is not running.
error: 'libcups2' package is missing/incompatible 
error: 'libdbus-1-dev' package is missing/incompatible 
error: 'libjpeg62-turbo-dev' package is missing/incompatible 
error: 'cups' package is missing or 'cups' service is not running.
error: 'libcups2-dev' package is missing/incompatible 
error: 'cups-bsd' package is missing/incompatible 
error: 'cups-client' package is missing/incompatible 
error: 'libcupsimage2' package is missing/incompatible 
error: 'libcupsimage2-dev' package is missing/incompatible 
error: 'libusb-1.0.0-dev' package is missing/incompatible 
error: 'libsane-dev' package is missing/incompatible 
error: 'libavahi-client-dev' package is missing/incompatible 
error: 'libavahi-core-dev' package is missing/incompatible 
error: 'libavahi-common-dev' package is missing/incompatible 
error: 'libsnmp-dev' package is missing/incompatible 
error: 'snmp' package is missing/incompatible 
error: 'libssl-dev' package is missing/incompatible 
error: 'python3-pyqt4' package is missing/incompatible 
error: 'gtk2-engines-pixbuf' package is missing/incompatible 
error: 'libtool' package is missing/incompatible 
error: 'libtool-bin' package is missing/incompatible 
hp-check[41650]: info: :
hp-check[41650]: info: :[01mMissing Optional Dependencies[0m
hp-check[41650]: info: :[01m-----------------------------[0m
error: 'xsane' package is missing/incompatible 
error: 'policykit-1' package is missing/incompatible 
error: 'policykit-1-gnome' package is missing/incompatible 
error: 'python3-notify2' package is missing/incompatible 
error: 'python3-dbus.mainloop.qt' package is missing/incompatible 
hp-check[41650]: info: :
hp-check[41650]: info: :Total Errors: 16
hp-check[41650]: info: :Total Warnings: 1
hp-check[41650]: info: :
hp-check[41650]: info: :
hp-check[41650]: info: :Done.
